This file contains any messages produced by compilers while
running configure, to aid debugging if configure makes a mistake.

It was created by libjpeg-turbo configure 1.5.1, which was
generated by GNU Autoconf 2.69.  Invocation command line was

  $ ../configure --with-java

## --------- ##
## Platform. ##
## --------- ##

hostname = jb-pc
uname -m = x86_64
uname -r = 4.4.0-36-generic
uname -s = Linux
uname -v = #55-Ubuntu SMP Thu Aug 11 18:01:55 UTC 2016

/usr/bin/uname -p = unknown
/bin/uname -X     = unknown

/bin/arch              = unknown
/usr/bin/arch -k       = unknown
/usr/convex/getsysinfo = unknown
/usr/bin/hostinfo      = unknown
/bin/machine           = unknown
/usr/bin/oslevel       = unknown
/bin/universe          = unknown

PATH: /home/jbaiter/.local/bin
PATH: /sbin
PATH: /usr/sbin
PATH: /home/jbaiter/.bin
PATH: /home/jbaiter/.local/bin
PATH: /home/jbaiter/.cargo/bin
PATH: /sbin
PATH: /usr/sbin
PATH: /home/jbaiter/.bin
PATH: /home/jbaiter/.local/bin
PATH: /home/jbaiter/.cargo/bin
PATH: /sbin
PATH: /usr/sbin
PATH: /home/jbaiter/.bin
PATH: /home/jbaiter/.local/bin
PATH: /home/jbaiter/.cargo/bin
PATH: /home/jbaiter/.local/bin
PATH: /sbin
PATH: /usr/sbin
PATH: /home/jbaiter/.bin
PATH: /home/jbaiter/.local/bin
PATH: /home/jbaiter/.cargo/bin
PATH: /usr/local/sbin
PATH: /usr/local/bin
PATH: /usr/sbin
PATH: /usr/bin
PATH: /sbin
PATH: /bin
PATH: /usr/games
PATH: /usr/local/games
PATH: /home/jbaiter/DEV/PROGRAMS/.bin
PATH: /home/jbaiter/DEV/PROGRAMS/.bin
PATH: /home/jbaiter/DEV/PROGRAMS/.bin
PATH: /home/jbaiter/DEV/PROGRAMS/.bin


## ----------- ##
## Core tests. ##
## ----------- ##

configure:2689: checking for a BSD-compatible install
configure:2757: result: /usr/bin/install -c
configure:2768: checking whether build environment is sane
configure:2823: result: yes
configure:2974: checking for a thread-safe mkdir -p
configure:3013: result: /bin/mkdir -p
configure:3020: checking for gawk
configure:3036: found /usr/bin/gawk
configure:3047: result: gawk
configure:3058: checking whether make sets $(MAKE)
configure:3080: result: yes
configure:3109: checking whether make supports nested variables
configure:3126: result: yes
configure:3265: checking whether make supports nested variables
configure:3282: result: yes
configure:3309: checking for style of include used by make
configure:3337: result: GNU
configure:3408: checking for gcc
configure:3424: found /usr/bin/gcc
configure:3435: result: gcc
configure:3664: checking for C compiler version
configure:3673: gcc --version >&5
gcc (Ubuntu 5.4.0-6ubuntu1~16.04.2) 5.4.0 20160609
Copyright (C) 2015 Free Software Foundation, Inc.
This is free software; see the source for copying conditions.  There is NO
warranty; not even for MERCHANTABILITY or FITNESS FOR A PARTICULAR PURPOSE.

configure:3684: $? = 0
configure:3673: gcc -v >&5
Using built-in specs.
COLLECT_GCC=gcc
COLLECT_LTO_WRAPPER=/usr/lib/gcc/x86_64-linux-gnu/5/lto-wrapper
Target: x86_64-linux-gnu
Configured with: ../src/configure -v --with-pkgversion='Ubuntu 5.4.0-6ubuntu1~16.04.2' --with-bugurl=file:///usr/share/doc/gcc-5/README.Bugs --enable-languages=c,ada,c++,java,go,d,fortran,objc,obj-c++ --prefix=/usr --program-suffix=-5 --enable-shared --enable-linker-build-id --libexecdir=/usr/lib --without-included-gettext --enable-threads=posix --libdir=/usr/lib --enable-nls --with-sysroot=/ --enable-clocale=gnu --enable-libstdcxx-debug --enable-libstdcxx-time=yes --with-default-libstdcxx-abi=new --enable-gnu-unique-object --disable-vtable-verify --enable-libmpx --enable-plugin --with-system-zlib --disable-browser-plugin --enable-java-awt=gtk --enable-gtk-cairo --with-java-home=/usr/lib/jvm/java-1.5.0-gcj-5-amd64/jre --enable-java-home --with-jvm-root-dir=/usr/lib/jvm/java-1.5.0-gcj-5-amd64 --with-jvm-jar-dir=/usr/lib/jvm-exports/java-1.5.0-gcj-5-amd64 --with-arch-directory=amd64 --with-ecj-jar=/usr/share/java/eclipse-ecj.jar --enable-objc-gc --enable-multiarch --disable-werror --with-arch-32=i686 --with-abi=m64 --with-multilib-list=m32,m64,mx32 --enable-multilib --with-tune=generic --enable-checking=release --build=x86_64-linux-gnu --host=x86_64-linux-gnu --target=x86_64-linux-gnu
Thread model: posix
gcc version 5.4.0 20160609 (Ubuntu 5.4.0-6ubuntu1~16.04.2) 
configure:3684: $? = 0
configure:3673: gcc -V >&5
gcc: error: unrecognized command line option '-V'
gcc: fatal error: no input files
compilation terminated.
configure:3684: $? = 1
configure:3673: gcc -qversion >&5
gcc: error: unrecognized command line option '-qversion'
gcc: fatal error: no input files
compilation terminated.
configure:3684: $? = 1
configure:3704: checking whether the C compiler works
configure:3726: gcc -O2 -pipe -march=native   conftest.c  >&5
configure:3730: $? = 0
configure:3778: result: yes
configure:3781: checking for C compiler default output file name
configure:3783: result: a.out
configure:3789: checking for suffix of executables
configure:3796: gcc -o conftest -O2 -pipe -march=native   conftest.c  >&5
configure:3800: $? = 0
configure:3822: result: 
configure:3844: checking whether we are cross compiling
configure:3852: gcc -o conftest -O2 -pipe -march=native   conftest.c  >&5
configure:3856: $? = 0
configure:3863: ./conftest
configure:3867: $? = 0
configure:3882: result: no
configure:3887: checking for suffix of object files
configure:3909: gcc -c -O2 -pipe -march=native  conftest.c >&5
configure:3913: $? = 0
configure:3934: result: o
configure:3938: checking whether we are using the GNU C compiler
configure:3957: gcc -c -O2 -pipe -march=native  conftest.c >&5
configure:3957: $? = 0
configure:3966: result: yes
configure:3975: checking whether gcc accepts -g
configure:3995: gcc -c -g  conftest.c >&5
configure:3995: $? = 0
configure:4036: result: yes
configure:4053: checking for gcc option to accept ISO C89
configure:4116: gcc  -c -O2 -pipe -march=native  conftest.c >&5
configure:4116: $? = 0
configure:4129: result: none needed
configure:4154: checking whether gcc understands -c and -o together
configure:4176: gcc -c conftest.c -o conftest2.o
configure:4179: $? = 0
configure:4176: gcc -c conftest.c -o conftest2.o
configure:4179: $? = 0
configure:4191: result: yes
configure:4210: checking dependency style of gcc
configure:4321: result: gcc3
configure:4341: checking how to run the C preprocessor
configure:4372: gcc -E  conftest.c
configure:4372: $? = 0
configure:4386: gcc -E  conftest.c
conftest.c:11:28: fatal error: ac_nonexistent.h: No such file or directory
compilation terminated.
configure:4386: $? = 1
configure: failed program was:
| /* confdefs.h */
| #define PACKAGE_NAME "libjpeg-turbo"
| #define PACKAGE_TARNAME "libjpeg-turbo"
| #define PACKAGE_VERSION "1.5.1"
| #define PACKAGE_STRING "libjpeg-turbo 1.5.1"
| #define PACKAGE_BUGREPORT ""
| #define PACKAGE_URL ""
| #define PACKAGE "libjpeg-turbo"
| #define VERSION "1.5.1"
| /* end confdefs.h.  */
| #include <ac_nonexistent.h>
configure:4411: result: gcc -E
configure:4431: gcc -E  conftest.c
configure:4431: $? = 0
configure:4445: gcc -E  conftest.c
conftest.c:11:28: fatal error: ac_nonexistent.h: No such file or directory
compilation terminated.
configure:4445: $? = 1
configure: failed program was:
| /* confdefs.h */
| #define PACKAGE_NAME "libjpeg-turbo"
| #define PACKAGE_TARNAME "libjpeg-turbo"
| #define PACKAGE_VERSION "1.5.1"
| #define PACKAGE_STRING "libjpeg-turbo 1.5.1"
| #define PACKAGE_BUGREPORT ""
| #define PACKAGE_URL ""
| #define PACKAGE "libjpeg-turbo"
| #define VERSION "1.5.1"
| /* end confdefs.h.  */
| #include <ac_nonexistent.h>
configure:4521: checking for gcc
configure:4548: result: gcc
configure:4777: checking for C compiler version
configure:4786: gcc --version >&5
gcc (Ubuntu 5.4.0-6ubuntu1~16.04.2) 5.4.0 20160609
Copyright (C) 2015 Free Software Foundation, Inc.
This is free software; see the source for copying conditions.  There is NO
warranty; not even for MERCHANTABILITY or FITNESS FOR A PARTICULAR PURPOSE.

configure:4797: $? = 0
configure:4786: gcc -v >&5
Using built-in specs.
COLLECT_GCC=gcc
COLLECT_LTO_WRAPPER=/usr/lib/gcc/x86_64-linux-gnu/5/lto-wrapper
Target: x86_64-linux-gnu
Configured with: ../src/configure -v --with-pkgversion='Ubuntu 5.4.0-6ubuntu1~16.04.2' --with-bugurl=file:///usr/share/doc/gcc-5/README.Bugs --enable-languages=c,ada,c++,java,go,d,fortran,objc,obj-c++ --prefix=/usr --program-suffix=-5 --enable-shared --enable-linker-build-id --libexecdir=/usr/lib --without-included-gettext --enable-threads=posix --libdir=/usr/lib --enable-nls --with-sysroot=/ --enable-clocale=gnu --enable-libstdcxx-debug --enable-libstdcxx-time=yes --with-default-libstdcxx-abi=new --enable-gnu-unique-object --disable-vtable-verify --enable-libmpx --enable-plugin --with-system-zlib --disable-browser-plugin --enable-java-awt=gtk --enable-gtk-cairo --with-java-home=/usr/lib/jvm/java-1.5.0-gcj-5-amd64/jre --enable-java-home --with-jvm-root-dir=/usr/lib/jvm/java-1.5.0-gcj-5-amd64 --with-jvm-jar-dir=/usr/lib/jvm-exports/java-1.5.0-gcj-5-amd64 --with-arch-directory=amd64 --with-ecj-jar=/usr/share/java/eclipse-ecj.jar --enable-objc-gc --enable-multiarch --disable-werror --with-arch-32=i686 --with-abi=m64 --with-multilib-list=m32,m64,mx32 --enable-multilib --with-tune=generic --enable-checking=release --build=x86_64-linux-gnu --host=x86_64-linux-gnu --target=x86_64-linux-gnu
Thread model: posix
gcc version 5.4.0 20160609 (Ubuntu 5.4.0-6ubuntu1~16.04.2) 
configure:4797: $? = 0
configure:4786: gcc -V >&5
gcc: error: unrecognized command line option '-V'
gcc: fatal error: no input files
compilation terminated.
configure:4797: $? = 1
configure:4786: gcc -qversion >&5
gcc: error: unrecognized command line option '-qversion'
gcc: fatal error: no input files
compilation terminated.
configure:4797: $? = 1
configure:4801: checking whether we are using the GNU C compiler
configure:4829: result: yes
configure:4838: checking whether gcc accepts -g
configure:4899: result: yes
configure:4916: checking for gcc option to accept ISO C89
configure:4992: result: none needed
configure:5017: checking whether gcc understands -c and -o together
configure:5054: result: yes
configure:5073: checking dependency style of gcc
configure:5184: result: gcc3
configure:5249: checking for ar
configure:5265: found /usr/bin/ar
configure:5276: result: ar
configure:5302: checking the archiver (ar) interface
configure:5318: gcc -c -O2 -pipe -march=native  conftest.c >&5
configure:5318: $? = 0
configure:5320: ar cru libconftest.a conftest.o >&5
ar: `u' modifier ignored since `D' is the default (see `U')
configure:5323: $? = 0
configure:5351: result: ar
configure:5380: checking dependency style of gcc
configure:5489: result: gcc3
configure:5535: checking build system type
configure:5549: result: x86_64-pc-linux-gnu
configure:5569: checking host system type
configure:5582: result: x86_64-pc-linux-gnu
configure:5623: checking how to print strings
configure:5650: result: printf
configure:5671: checking for a sed that does not truncate output
configure:5735: result: /bin/sed
configure:5753: checking for grep that handles long lines and -e
configure:5811: result: /bin/grep
configure:5816: checking for egrep
configure:5878: result: /bin/grep -E
configure:5883: checking for fgrep
configure:5945: result: /bin/grep -F
configure:5980: checking for ld used by gcc
configure:6047: result: /usr/bin/ld
configure:6054: checking if the linker (/usr/bin/ld) is GNU ld
configure:6069: result: yes
configure:6081: checking for BSD- or MS-compatible name lister (nm)
configure:6135: result: /usr/bin/nm -B
configure:6265: checking the name lister (/usr/bin/nm -B) interface
configure:6272: gcc -c -O2 -pipe -march=native  conftest.c >&5
configure:6275: /usr/bin/nm -B "conftest.o"
configure:6278: output
0000000000000000 B some_variable
configure:6285: result: BSD nm
configure:6288: checking whether ln -s works
configure:6292: result: yes
configure:6300: checking the maximum length of command line arguments
configure:6431: result: 1572864
configure:6479: checking how to convert x86_64-pc-linux-gnu file names to x86_64-pc-linux-gnu format
configure:6519: result: func_convert_file_noop
configure:6526: checking how to convert x86_64-pc-linux-gnu file names to toolchain format
configure:6546: result: func_convert_file_noop
configure:6553: checking for /usr/bin/ld option to reload object files
configure:6560: result: -r
configure:6634: checking for objdump
configure:6650: found /usr/bin/objdump
configure:6661: result: objdump
configure:6693: checking how to recognize dependent libraries
configure:6893: result: pass_all
configure:6978: checking for dlltool
configure:7008: result: no
configure:7038: checking how to associate runtime and link libraries
configure:7065: result: printf %s\n
configure:7189: checking for archiver @FILE support
configure:7206: gcc -c -O2 -pipe -march=native  conftest.c >&5
configure:7206: $? = 0
configure:7209: ar cru libconftest.a @conftest.lst >&5
ar: `u' modifier ignored since `D' is the default (see `U')
configure:7212: $? = 0
configure:7217: ar cru libconftest.a @conftest.lst >&5
ar: `u' modifier ignored since `D' is the default (see `U')
ar: conftest.o: No such file or directory
configure:7220: $? = 1
configure:7232: result: @
configure:7290: checking for strip
configure:7306: found /usr/bin/strip
configure:7317: result: strip
configure:7389: checking for ranlib
configure:7405: found /usr/bin/ranlib
configure:7416: result: ranlib
configure:7518: checking command to parse /usr/bin/nm -B output from gcc object
configure:7671: gcc -c -O2 -pipe -march=native  conftest.c >&5
configure:7674: $? = 0
configure:7678: /usr/bin/nm -B conftest.o \| sed -n -e 's/^.*[ ]\([ABCDGIRSTW][ABCDGIRSTW]*\)[ ][ ]*\([_A-Za-z][_A-Za-z0-9]*\)$/\1 \2 \2/p' | sed '/ __gnu_lto/d' \> conftest.nm
configure:7681: $? = 0
configure:7747: gcc -o conftest -O2 -pipe -march=native   conftest.c conftstm.o >&5
configure:7750: $? = 0
configure:7788: result: ok
configure:7835: checking for sysroot
configure:7865: result: no
configure:7872: checking for a working dd
configure:7910: result: /bin/dd
configure:7914: checking how to truncate binary pipes
configure:7929: result: /bin/dd bs=4096 count=1
configure:8065: gcc -c -O2 -pipe -march=native  conftest.c >&5
configure:8068: $? = 0
configure:8258: checking for mt
configure:8274: found /bin/mt
configure:8285: result: mt
configure:8308: checking if mt is a manifest tool
configure:8314: mt '-?'
configure:8322: result: no
configure:8995: checking for ANSI C header files
configure:9015: gcc -c -O2 -pipe -march=native  conftest.c >&5
configure:9015: $? = 0
configure:9088: gcc -o conftest -O2 -pipe -march=native   conftest.c  >&5
configure:9088: $? = 0
configure:9088: ./conftest
configure:9088: $? = 0
configure:9099: result: yes
configure:9112: checking for sys/types.h
configure:9112: gcc -c -O2 -pipe -march=native  conftest.c >&5
configure:9112: $? = 0
configure:9112: result: yes
configure:9112: checking for sys/stat.h
configure:9112: gcc -c -O2 -pipe -march=native  conftest.c >&5
configure:9112: $? = 0
configure:9112: result: yes
configure:9112: checking for stdlib.h
configure:9112: gcc -c -O2 -pipe -march=native  conftest.c >&5
configure:9112: $? = 0
configure:9112: result: yes
configure:9112: checking for string.h
configure:9112: gcc -c -O2 -pipe -march=native  conftest.c >&5
configure:9112: $? = 0
configure:9112: result: yes
configure:9112: checking for memory.h
configure:9112: gcc -c -O2 -pipe -march=native  conftest.c >&5
configure:9112: $? = 0
configure:9112: result: yes
configure:9112: checking for strings.h
configure:9112: gcc -c -O2 -pipe -march=native  conftest.c >&5
configure:9112: $? = 0
configure:9112: result: yes
configure:9112: checking for inttypes.h
configure:9112: gcc -c -O2 -pipe -march=native  conftest.c >&5
configure:9112: $? = 0
configure:9112: result: yes
configure:9112: checking for stdint.h
configure:9112: gcc -c -O2 -pipe -march=native  conftest.c >&5
configure:9112: $? = 0
configure:9112: result: yes
configure:9112: checking for unistd.h
configure:9112: gcc -c -O2 -pipe -march=native  conftest.c >&5
configure:9112: $? = 0
configure:9112: result: yes
configure:9126: checking for dlfcn.h
configure:9126: gcc -c -O2 -pipe -march=native  conftest.c >&5
configure:9126: $? = 0
configure:9126: result: yes
configure:9382: checking for objdir
configure:9397: result: .libs
configure:9657: checking if gcc supports -fno-rtti -fno-exceptions
configure:9675: gcc -c -O2 -pipe -march=native  -fno-rtti -fno-exceptions conftest.c >&5
cc1: warning: command line option '-fno-rtti' is valid for C++/ObjC++ but not for C
configure:9679: $? = 0
configure:9692: result: no
configure:10050: checking for gcc option to produce PIC
configure:10057: result: -fPIC -DPIC
configure:10065: checking if gcc PIC flag -fPIC -DPIC works
configure:10083: gcc -c -O2 -pipe -march=native  -fPIC -DPIC -DPIC conftest.c >&5
configure:10087: $? = 0
configure:10100: result: yes
configure:10129: checking if gcc static flag -static works
configure:10157: result: yes
configure:10172: checking if gcc supports -c -o file.o
configure:10193: gcc -c -O2 -pipe -march=native  -o out/conftest2.o conftest.c >&5
configure:10197: $? = 0
configure:10219: result: yes
configure:10227: checking if gcc supports -c -o file.o
configure:10274: result: yes
configure:10307: checking whether the gcc linker (/usr/bin/ld -m elf_x86_64) supports shared libraries
configure:11570: result: yes
configure:11607: checking whether -lc should be explicitly linked in
configure:11615: gcc -c -O2 -pipe -march=native  conftest.c >&5
configure:11618: $? = 0
configure:11633: gcc -shared  -fPIC -DPIC conftest.o  -v -Wl,-soname -Wl,conftest -o conftest 2\>\&1 \| /bin/grep  -lc  \>/dev/null 2\>\&1
configure:11636: $? = 0
configure:11650: result: no
configure:11810: checking dynamic linker characteristics
configure:12391: gcc -o conftest -O2 -pipe -march=native   -Wl,-rpath -Wl,/foo conftest.c  >&5
configure:12391: $? = 0
configure:12640: result: GNU/Linux ld.so
configure:12762: checking how to hardcode library paths into programs
configure:12787: result: immediate
configure:13335: checking whether stripping libraries is possible
configure:13340: result: yes
configure:13375: checking if libtool supports shared libraries
configure:13377: result: yes
configure:13380: checking whether to build shared libraries
configure:13405: result: yes
configure:13408: checking whether to build static libraries
configure:13412: result: yes
configure:13449: checking whether ln -s works
configure:13453: result: yes
configure:13524: checking for pkg-config
configure:13542: found /usr/bin/pkg-config
configure:13554: result: /usr/bin/pkg-config
configure:13579: checking pkg-config is at least version 0.9.0
configure:13582: result: yes
configure:13623: checking size of size_t
configure:13628: gcc -o conftest -O2 -pipe -march=native   conftest.c  >&5
configure:13628: $? = 0
configure:13628: ./conftest
configure:13628: $? = 0
configure:13642: result: 8
configure:13674: checking whether compiler supports pointers to undefined structures
configure:13687: gcc -c -O2 -pipe -march=native  conftest.c >&5
configure:13687: $? = 0
configure:13688: result: yes
configure:13708: checking whether __SUNPRO_C is declared
configure:13708: gcc -c -O2 -pipe -march=native -Wall conftest.c >&5
conftest.c: In function 'main':
conftest.c:64:10: error: '__SUNPRO_C' undeclared (first use in this function)
   (void) __SUNPRO_C;
          ^
conftest.c:64:10: note: each undeclared identifier is reported only once for each function it appears in
configure:13708: $? = 1
configure: failed program was:
| /* confdefs.h */
| #define PACKAGE_NAME "libjpeg-turbo"
| #define PACKAGE_TARNAME "libjpeg-turbo"
| #define PACKAGE_VERSION "1.5.1"
| #define PACKAGE_STRING "libjpeg-turbo 1.5.1"
| #define PACKAGE_BUGREPORT ""
| #define PACKAGE_URL ""
| #define PACKAGE "libjpeg-turbo"
| #define VERSION "1.5.1"
| #define STDC_HEADERS 1
| #define HAVE_SYS_TYPES_H 1
| #define HAVE_SYS_STAT_H 1
| #define HAVE_STDLIB_H 1
| #define HAVE_STRING_H 1
| #define HAVE_MEMORY_H 1
| #define HAVE_STRINGS_H 1
| #define HAVE_INTTYPES_H 1
| #define HAVE_STDINT_H 1
| #define HAVE_UNISTD_H 1
| #define HAVE_DLFCN_H 1
| #define LT_OBJDIR ".libs/"
| #define SIZEOF_SIZE_T 8
| /* end confdefs.h.  */
| #include <stdio.h>
| #ifdef HAVE_SYS_TYPES_H
| # include <sys/types.h>
| #endif
| #ifdef HAVE_SYS_STAT_H
| # include <sys/stat.h>
| #endif
| #ifdef STDC_HEADERS
| # include <stdlib.h>
| # include <stddef.h>
| #else
| # ifdef HAVE_STDLIB_H
| #  include <stdlib.h>
| # endif
| #endif
| #ifdef HAVE_STRING_H
| # if !defined STDC_HEADERS && defined HAVE_MEMORY_H
| #  include <memory.h>
| # endif
| # include <string.h>
| #endif
| #ifdef HAVE_STRINGS_H
| # include <strings.h>
| #endif
| #ifdef HAVE_INTTYPES_H
| # include <inttypes.h>
| #endif
| #ifdef HAVE_STDINT_H
| # include <stdint.h>
| #endif
| #ifdef HAVE_UNISTD_H
| # include <unistd.h>
| #endif
| int
| main ()
| {
| #ifndef __SUNPRO_C
| #ifdef __cplusplus
|   (void) __SUNPRO_C;
| #else
|   (void) __SUNPRO_C;
| #endif
| #endif
| 
|   ;
|   return 0;
| }
configure:13708: result: no
configure:13724: checking for ANSI C header files
configure:13828: result: yes
configure:13839: checking stddef.h usability
configure:13839: gcc -c -O2 -pipe -march=native -Wall conftest.c >&5
configure:13839: $? = 0
configure:13839: result: yes
configure:13839: checking stddef.h presence
configure:13839: gcc -E -Wall conftest.c
configure:13839: $? = 0
configure:13839: result: yes
configure:13839: checking for stddef.h
configure:13839: result: yes
configure:13839: checking for stdlib.h
configure:13839: result: yes
configure:13839: checking locale.h usability
configure:13839: gcc -c -O2 -pipe -march=native -Wall conftest.c >&5
configure:13839: $? = 0
configure:13839: result: yes
configure:13839: checking locale.h presence
configure:13839: gcc -E -Wall conftest.c
configure:13839: $? = 0
configure:13839: result: yes
configure:13839: checking for locale.h
configure:13839: result: yes
configure:13839: checking for string.h
configure:13839: result: yes
configure:13849: checking for sys/types.h
configure:13849: result: yes
configure:13859: checking for an ANSI C-conforming const
configure:13925: gcc -c -O2 -pipe -march=native -Wall conftest.c >&5
configure:13925: $? = 0
configure:13932: result: yes
configure:13940: checking whether char is unsigned
configure:13959: gcc -c -O2 -pipe -march=native -Wall conftest.c >&5
configure:13959: $? = 0
configure:13966: result: no
configure:13973: checking for inline
configure:13989: gcc -c -O2 -pipe -march=native -Wall conftest.c >&5
configure:13989: $? = 0
configure:13997: result: inline
configure:14015: checking for size_t
configure:14015: gcc -c -O2 -pipe -march=native -Wall conftest.c >&5
configure:14015: $? = 0
configure:14015: gcc -c -O2 -pipe -march=native -Wall conftest.c >&5
conftest.c: In function 'main':
conftest.c:66:21: error: expected expression before ')' token
 if (sizeof ((size_t)))
                     ^
configure:14015: $? = 1
configure: failed program was:
| /* confdefs.h */
| #define PACKAGE_NAME "libjpeg-turbo"
| #define PACKAGE_TARNAME "libjpeg-turbo"
| #define PACKAGE_VERSION "1.5.1"
| #define PACKAGE_STRING "libjpeg-turbo 1.5.1"
| #define PACKAGE_BUGREPORT ""
| #define PACKAGE_URL ""
| #define PACKAGE "libjpeg-turbo"
| #define VERSION "1.5.1"
| #define STDC_HEADERS 1
| #define HAVE_SYS_TYPES_H 1
| #define HAVE_SYS_STAT_H 1
| #define HAVE_STDLIB_H 1
| #define HAVE_STRING_H 1
| #define HAVE_MEMORY_H 1
| #define HAVE_STRINGS_H 1
| #define HAVE_INTTYPES_H 1
| #define HAVE_STDINT_H 1
| #define HAVE_UNISTD_H 1
| #define HAVE_DLFCN_H 1
| #define LT_OBJDIR ".libs/"
| #define SIZEOF_SIZE_T 8
| #define STDC_HEADERS 1
| #define HAVE_STDDEF_H 1
| #define HAVE_STDLIB_H 1
| #define HAVE_LOCALE_H 1
| #define HAVE_STRING_H 1
| #define NEED_SYS_TYPES_H 1
| /* end confdefs.h.  */
| #include <stdio.h>
| #ifdef HAVE_SYS_TYPES_H
| # include <sys/types.h>
| #endif
| #ifdef HAVE_SYS_STAT_H
| # include <sys/stat.h>
| #endif
| #ifdef STDC_HEADERS
| # include <stdlib.h>
| # include <stddef.h>
| #else
| # ifdef HAVE_STDLIB_H
| #  include <stdlib.h>
| # endif
| #endif
| #ifdef HAVE_STRING_H
| # if !defined STDC_HEADERS && defined HAVE_MEMORY_H
| #  include <memory.h>
| # endif
| # include <string.h>
| #endif
| #ifdef HAVE_STRINGS_H
| # include <strings.h>
| #endif
| #ifdef HAVE_INTTYPES_H
| # include <inttypes.h>
| #endif
| #ifdef HAVE_STDINT_H
| # include <stdint.h>
| #endif
| #ifdef HAVE_UNISTD_H
| # include <unistd.h>
| #endif
| int
| main ()
| {
| if (sizeof ((size_t)))
| 	    return 0;
|   ;
|   return 0;
| }
configure:14015: result: yes
configure:14026: checking for unsigned char
configure:14026: gcc -c -O2 -pipe -march=native -Wall conftest.c >&5
configure:14026: $? = 0
configure:14026: gcc -c -O2 -pipe -march=native -Wall conftest.c >&5
conftest.c: In function 'main':
conftest.c:66:28: error: expected expression before ')' token
 if (sizeof ((unsigned char)))
                            ^
configure:14026: $? = 1
configure: failed program was:
| /* confdefs.h */
| #define PACKAGE_NAME "libjpeg-turbo"
| #define PACKAGE_TARNAME "libjpeg-turbo"
| #define PACKAGE_VERSION "1.5.1"
| #define PACKAGE_STRING "libjpeg-turbo 1.5.1"
| #define PACKAGE_BUGREPORT ""
| #define PACKAGE_URL ""
| #define PACKAGE "libjpeg-turbo"
| #define VERSION "1.5.1"
| #define STDC_HEADERS 1
| #define HAVE_SYS_TYPES_H 1
| #define HAVE_SYS_STAT_H 1
| #define HAVE_STDLIB_H 1
| #define HAVE_STRING_H 1
| #define HAVE_MEMORY_H 1
| #define HAVE_STRINGS_H 1
| #define HAVE_INTTYPES_H 1
| #define HAVE_STDINT_H 1
| #define HAVE_UNISTD_H 1
| #define HAVE_DLFCN_H 1
| #define LT_OBJDIR ".libs/"
| #define SIZEOF_SIZE_T 8
| #define STDC_HEADERS 1
| #define HAVE_STDDEF_H 1
| #define HAVE_STDLIB_H 1
| #define HAVE_LOCALE_H 1
| #define HAVE_STRING_H 1
| #define NEED_SYS_TYPES_H 1
| /* end confdefs.h.  */
| #include <stdio.h>
| #ifdef HAVE_SYS_TYPES_H
| # include <sys/types.h>
| #endif
| #ifdef HAVE_SYS_STAT_H
| # include <sys/stat.h>
| #endif
| #ifdef STDC_HEADERS
| # include <stdlib.h>
| # include <stddef.h>
| #else
| # ifdef HAVE_STDLIB_H
| #  include <stdlib.h>
| # endif
| #endif
| #ifdef HAVE_STRING_H
| # if !defined STDC_HEADERS && defined HAVE_MEMORY_H
| #  include <memory.h>
| # endif
| # include <string.h>
| #endif
| #ifdef HAVE_STRINGS_H
| # include <strings.h>
| #endif
| #ifdef HAVE_INTTYPES_H
| # include <inttypes.h>
| #endif
| #ifdef HAVE_STDINT_H
| # include <stdint.h>
| #endif
| #ifdef HAVE_UNISTD_H
| # include <unistd.h>
| #endif
| int
| main ()
| {
| if (sizeof ((unsigned char)))
| 	    return 0;
|   ;
|   return 0;
| }
configure:14026: result: yes
configure:14035: checking for unsigned short
configure:14035: gcc -c -O2 -pipe -march=native -Wall conftest.c >&5
configure:14035: $? = 0
configure:14035: gcc -c -O2 -pipe -march=native -Wall conftest.c >&5
conftest.c: In function 'main':
conftest.c:67:29: error: expected expression before ')' token
 if (sizeof ((unsigned short)))
                             ^
configure:14035: $? = 1
configure: failed program was:
| /* confdefs.h */
| #define PACKAGE_NAME "libjpeg-turbo"
| #define PACKAGE_TARNAME "libjpeg-turbo"
| #define PACKAGE_VERSION "1.5.1"
| #define PACKAGE_STRING "libjpeg-turbo 1.5.1"
| #define PACKAGE_BUGREPORT ""
| #define PACKAGE_URL ""
| #define PACKAGE "libjpeg-turbo"
| #define VERSION "1.5.1"
| #define STDC_HEADERS 1
| #define HAVE_SYS_TYPES_H 1
| #define HAVE_SYS_STAT_H 1
| #define HAVE_STDLIB_H 1
| #define HAVE_STRING_H 1
| #define HAVE_MEMORY_H 1
| #define HAVE_STRINGS_H 1
| #define HAVE_INTTYPES_H 1
| #define HAVE_STDINT_H 1
| #define HAVE_UNISTD_H 1
| #define HAVE_DLFCN_H 1
| #define LT_OBJDIR ".libs/"
| #define SIZEOF_SIZE_T 8
| #define STDC_HEADERS 1
| #define HAVE_STDDEF_H 1
| #define HAVE_STDLIB_H 1
| #define HAVE_LOCALE_H 1
| #define HAVE_STRING_H 1
| #define NEED_SYS_TYPES_H 1
| #define HAVE_UNSIGNED_CHAR 1
| /* end confdefs.h.  */
| #include <stdio.h>
| #ifdef HAVE_SYS_TYPES_H
| # include <sys/types.h>
| #endif
| #ifdef HAVE_SYS_STAT_H
| # include <sys/stat.h>
| #endif
| #ifdef STDC_HEADERS
| # include <stdlib.h>
| # include <stddef.h>
| #else
| # ifdef HAVE_STDLIB_H
| #  include <stdlib.h>
| # endif
| #endif
| #ifdef HAVE_STRING_H
| # if !defined STDC_HEADERS && defined HAVE_MEMORY_H
| #  include <memory.h>
| # endif
| # include <string.h>
| #endif
| #ifdef HAVE_STRINGS_H
| # include <strings.h>
| #endif
| #ifdef HAVE_INTTYPES_H
| # include <inttypes.h>
| #endif
| #ifdef HAVE_STDINT_H
| # include <stdint.h>
| #endif
| #ifdef HAVE_UNISTD_H
| # include <unistd.h>
| #endif
| int
| main ()
| {
| if (sizeof ((unsigned short)))
| 	    return 0;
|   ;
|   return 0;
| }
configure:14035: result: yes
configure:14046: checking if right shift is signed
configure:14075: gcc -o conftest -O2 -pipe -march=native -Wall  conftest.c  >&5
conftest.c: In function 'main':
conftest.c:50:6: warning: implicit declaration of function 'exit' [-Wimplicit-function-declaration]
      exit(is_shifting_signed(-0x7F7E80B1L));
      ^
conftest.c:50:6: warning: incompatible implicit declaration of built-in function 'exit'
conftest.c:50:6: note: include '<stdlib.h>' or provide a declaration of 'exit'
configure:14075: $? = 0
configure:14075: ./conftest
configure:14075: $? = 1
configure: program exited with status 1
configure: failed program was:
| /* confdefs.h */
| #define PACKAGE_NAME "libjpeg-turbo"
| #define PACKAGE_TARNAME "libjpeg-turbo"
| #define PACKAGE_VERSION "1.5.1"
| #define PACKAGE_STRING "libjpeg-turbo 1.5.1"
| #define PACKAGE_BUGREPORT ""
| #define PACKAGE_URL ""
| #define PACKAGE "libjpeg-turbo"
| #define VERSION "1.5.1"
| #define STDC_HEADERS 1
| #define HAVE_SYS_TYPES_H 1
| #define HAVE_SYS_STAT_H 1
| #define HAVE_STDLIB_H 1
| #define HAVE_STRING_H 1
| #define HAVE_MEMORY_H 1
| #define HAVE_STRINGS_H 1
| #define HAVE_INTTYPES_H 1
| #define HAVE_STDINT_H 1
| #define HAVE_UNISTD_H 1
| #define HAVE_DLFCN_H 1
| #define LT_OBJDIR ".libs/"
| #define SIZEOF_SIZE_T 8
| #define STDC_HEADERS 1
| #define HAVE_STDDEF_H 1
| #define HAVE_STDLIB_H 1
| #define HAVE_LOCALE_H 1
| #define HAVE_STRING_H 1
| #define NEED_SYS_TYPES_H 1
| #define HAVE_UNSIGNED_CHAR 1
| #define HAVE_UNSIGNED_SHORT 1
| /* end confdefs.h.  */
| #include <stdio.h>
|    int is_shifting_signed (long arg) {
|      long res = arg >> 4;
| 
|      if (res == -0x7F7E80CL)
|        return 1; /* right shift is signed */
| 
|      /* see if unsigned-shift hack will fix it. */
|      /* we can't just test exact value since it depends on width of long... */
|      res |= (~0L) << (32-4);
|      if (res == -0x7F7E80CL)
|        return 0; /* right shift is unsigned */
| 
|      printf("Right shift isn't acting as I expect it to.\n");
|      printf("I fear the JPEG software will not work at all.\n\n");
|      return 0; /* try it with unsigned anyway */
|    }
|    int main (void) {
|      exit(is_shifting_signed(-0x7F7E80B1L));
|    }
configure:14082: result: yes
configure:14094: checking for memset
configure:14094: gcc -o conftest -O2 -pipe -march=native -Wall  conftest.c  >&5
conftest.c:55:6: warning: conflicting types for built-in function 'memset'
 char memset ();
      ^
configure:14094: $? = 0
configure:14094: result: yes
configure:14094: checking for memcpy
configure:14094: gcc -o conftest -O2 -pipe -march=native -Wall  conftest.c  >&5
conftest.c:56:6: warning: conflicting types for built-in function 'memcpy'
 char memcpy ();
      ^
configure:14094: $? = 0
configure:14094: result: yes
configure:14108: checking libjpeg API version
configure:14136: result: 6.2
configure:14165: checking whether to include in-memory source/destination managers
configure:14174: result: yes
configure:14188: checking libjpeg shared library version
configure:14190: result: 62.2.0
configure:14226: checking whether the linker supports version scripts
configure:14246: gcc -o conftest -O2 -pipe -march=native -Wall  -Wl,--version-script,conftest.map conftest.c  >&5
configure:14246: $? = 0
configure:14248: result: yes (GNU style)
configure:14281: checking whether to use version script when building libjpeg-turbo
configure:14283: result: yes
configure:14297: checking for inline
configure:14312: gcc -c -O2 -pipe -march=native -Wall conftest.c >&5
configure:14312: $? = 0
configure:14367: result: inline __attribute__((always_inline))
configure:14376: checking whether to include arithmetic encoding support
configure:14398: result: yes
configure:14410: checking whether to include arithmetic decoding support
configure:14432: result: yes
configure:14454: checking whether to use 12-bit samples
configure:14469: result: no
configure:14482: checking whether to build TurboJPEG C wrapper
configure:14498: result: yes
configure:14522: checking whether to build TurboJPEG Java wrapper
configure:14536: result: yes
configure:14558: checking jni.h usability
configure:14558: gcc -c -O2 -pipe -march=native -Wall -I/home/jbaiter/DEV/PROGRAMS/jdk/include -I/home/jbaiter/DEV/PROGRAMS/jdk/include/linux/ conftest.c >&5
configure:14558: $? = 0
configure:14558: result: yes
configure:14558: checking jni.h presence
configure:14558: gcc -E -Wall -I/home/jbaiter/DEV/PROGRAMS/jdk/include -I/home/jbaiter/DEV/PROGRAMS/jdk/include/linux/ conftest.c
configure:14558: $? = 0
configure:14558: result: yes
configure:14558: checking for jni.h
configure:14558: result: yes
configure:14628: checking if we have SIMD optimisations for cpu type
configure:14632: result: yes (x86_64)
configure:14642: checking for nasm
configure:14672: result: no
configure:14642: checking for nasmw
configure:14672: result: no
configure:14642: checking for yasm
configure:14658: found /usr/bin/yasm
configure:14669: result: yasm
configure:14683: checking for object file format of host system
configure:14757: result: ELF64
configure:14765: checking for object file format specifier (NAFLAGS) 
configure:14780: result: -felf64 -DELF -D__x86_64__
configure:14784: checking whether the assembler (yasm -felf64 -DELF -D__x86_64__) works
configure:14795: yasm -felf64 -DELF -D__x86_64__ -o conftest.o conftest.asm
configure:14798: $? = 0
configure:14800: result: yes
configure:14811: checking whether the linker accepts assembler output
configure:14814: gcc -o conftest  conftest.o  1>&5
configure:14817: $? = 0
configure:14820: result: yes
configure:15542: checking that generated files are newer than configure
configure:15548: result: done
configure:15647: creating ./config.status

## ---------------------- ##
## Running config.status. ##
## ---------------------- ##

This file was extended by libjpeg-turbo config.status 1.5.1, which was
generated by GNU Autoconf 2.69.  Invocation command line was

  CONFIG_FILES    = 
  CONFIG_HEADERS  = 
  CONFIG_LINKS    = 
  CONFIG_COMMANDS = 
  $ ./config.status 

on jb-pc

config.status:1186: creating pkgscripts/libjpeg-turbo.spec.tmpl
config.status:1186: creating pkgscripts/makecygwinpkg.tmpl
config.status:1186: creating pkgscripts/makedpkg.tmpl
config.status:1186: creating pkgscripts/makemacpkg.tmpl
config.status:1186: creating pkgscripts/uninstall.tmpl
config.status:1186: creating pkgscripts/libjpeg.pc
config.status:1186: creating pkgscripts/libturbojpeg.pc
config.status:1186: creating tjbenchtest
config.status:1186: creating tjbenchtest.java
config.status:1186: creating tjexampletest
config.status:1186: creating libjpeg.map
config.status:1186: creating Makefile
config.status:1186: creating simd/Makefile
config.status:1186: creating java/Makefile
config.status:1186: creating md5/Makefile
config.status:1186: creating config.h
config.status:1186: creating jconfig.h
config.status:1186: creating jconfigint.h
config.status:1400: executing depfiles commands
config.status:1400: executing libtool commands

## ---------------- ##
## Cache variables. ##
## ---------------- ##

ac_cv_build=x86_64-pc-linux-gnu
ac_cv_c_char_unsigned=no
ac_cv_c_compiler_gnu=yes
ac_cv_c_const=yes
ac_cv_c_inline=inline
ac_cv_env_CCASFLAGS_set=
ac_cv_env_CCASFLAGS_value=
ac_cv_env_CCAS_set=
ac_cv_env_CCAS_value=
ac_cv_env_CC_set=
ac_cv_env_CC_value=
ac_cv_env_CFLAGS_set=set
ac_cv_env_CFLAGS_value='-O2 -pipe -march=native'
ac_cv_env_CPPFLAGS_set=
ac_cv_env_CPPFLAGS_value=
ac_cv_env_CPP_set=
ac_cv_env_CPP_value=
ac_cv_env_JAR_set=
ac_cv_env_JAR_value=
ac_cv_env_JAVACFLAGS_set=
ac_cv_env_JAVACFLAGS_value=
ac_cv_env_JAVAC_set=
ac_cv_env_JAVAC_value=
ac_cv_env_JAVA_set=
ac_cv_env_JAVA_value=
ac_cv_env_JNI_CFLAGS_set=set
ac_cv_env_JNI_CFLAGS_value='-I/home/jbaiter/DEV/PROGRAMS/jdk/include -I/home/jbaiter/DEV/PROGRAMS/jdk/include/linux/'
ac_cv_env_JPEG_LIB_VERSION_set=
ac_cv_env_JPEG_LIB_VERSION_value=
ac_cv_env_LDFLAGS_set=
ac_cv_env_LDFLAGS_value=
ac_cv_env_LIBS_set=
ac_cv_env_LIBS_value=
ac_cv_env_LT_SYS_LIBRARY_PATH_set=
ac_cv_env_LT_SYS_LIBRARY_PATH_value=
ac_cv_env_NASM_set=
ac_cv_env_NASM_value=
ac_cv_env_PKGNAME_set=
ac_cv_env_PKGNAME_value=
ac_cv_env_PKG_CONFIG_LIBDIR_set=
ac_cv_env_PKG_CONFIG_LIBDIR_value=
ac_cv_env_PKG_CONFIG_PATH_set=
ac_cv_env_PKG_CONFIG_PATH_value=
ac_cv_env_PKG_CONFIG_set=
ac_cv_env_PKG_CONFIG_value=
ac_cv_env_SO_MAJOR_VERSION_set=
ac_cv_env_SO_MAJOR_VERSION_value=
ac_cv_env_SO_MINOR_VERSION_set=
ac_cv_env_SO_MINOR_VERSION_value=
ac_cv_env_build_alias_set=
ac_cv_env_build_alias_value=
ac_cv_env_host_alias_set=
ac_cv_env_host_alias_value=
ac_cv_env_target_alias_set=
ac_cv_env_target_alias_value=
ac_cv_func_memcpy=yes
ac_cv_func_memset=yes
ac_cv_have_decl___SUNPRO_C=no
ac_cv_header_dlfcn_h=yes
ac_cv_header_inttypes_h=yes
ac_cv_header_jni_h=yes
ac_cv_header_locale_h=yes
ac_cv_header_memory_h=yes
ac_cv_header_stdc=yes
ac_cv_header_stddef_h=yes
ac_cv_header_stdint_h=yes
ac_cv_header_stdlib_h=yes
ac_cv_header_string_h=yes
ac_cv_header_strings_h=yes
ac_cv_header_sys_stat_h=yes
ac_cv_header_sys_types_h=yes
ac_cv_header_unistd_h=yes
ac_cv_host=x86_64-pc-linux-gnu
ac_cv_objext=o
ac_cv_path_EGREP='/bin/grep -E'
ac_cv_path_FGREP='/bin/grep -F'
ac_cv_path_GREP=/bin/grep
ac_cv_path_SED=/bin/sed
ac_cv_path_ac_pt_PKG_CONFIG=/usr/bin/pkg-config
ac_cv_path_install='/usr/bin/install -c'
ac_cv_path_lt_DD=/bin/dd
ac_cv_path_mkdir=/bin/mkdir
ac_cv_prog_AWK=gawk
ac_cv_prog_CPP='gcc -E'
ac_cv_prog_NASM=yasm
ac_cv_prog_ac_ct_AR=ar
ac_cv_prog_ac_ct_CC=gcc
ac_cv_prog_ac_ct_MANIFEST_TOOL=mt
ac_cv_prog_ac_ct_OBJDUMP=objdump
ac_cv_prog_ac_ct_RANLIB=ranlib
ac_cv_prog_ac_ct_STRIP=strip
ac_cv_prog_cc_c89=
ac_cv_prog_cc_g=yes
ac_cv_prog_make_make_set=yes
ac_cv_sizeof_size_t=8
ac_cv_type_size_t=yes
ac_cv_type_unsigned_char=yes
ac_cv_type_unsigned_short=yes
am_cv_CCAS_dependencies_compiler_type=gcc3
am_cv_CC_dependencies_compiler_type=gcc3
am_cv_ar_interface=ar
am_cv_make_support_nested_variables=yes
am_cv_prog_cc_c_o=yes
ljt_cv_inline='inline __attribute__((always_inline))'
lt_cv_ar_at_file=@
lt_cv_archive_cmds_need_lc=no
lt_cv_deplibs_check_method=pass_all
lt_cv_file_magic_cmd='$MAGIC_CMD'
lt_cv_file_magic_test_file=
lt_cv_ld_reload_flag=-r
lt_cv_nm_interface='BSD nm'
lt_cv_objdir=.libs
lt_cv_path_LD=/usr/bin/ld
lt_cv_path_NM='/usr/bin/nm -B'
lt_cv_path_mainfest_tool=no
lt_cv_prog_compiler_c_o=yes
lt_cv_prog_compiler_pic='-fPIC -DPIC'
lt_cv_prog_compiler_pic_works=yes
lt_cv_prog_compiler_rtti_exceptions=no
lt_cv_prog_compiler_static_works=yes
lt_cv_prog_gnu_ld=yes
lt_cv_sharedlib_from_linklib_cmd='printf %s\n'
lt_cv_shlibpath_overrides_runpath=no
lt_cv_sys_global_symbol_pipe='sed -n -e '\''s/^.*[	 ]\([ABCDGIRSTW][ABCDGIRSTW]*\)[	 ][	 ]*\([_A-Za-z][_A-Za-z0-9]*\)$/\1 \2 \2/p'\'' | sed '\''/ __gnu_lto/d'\'''
lt_cv_sys_global_symbol_to_c_name_address='sed -n -e '\''s/^: \(.*\) .*$/  {"\1", (void *) 0},/p'\'' -e '\''s/^[ABCDGIRSTW][ABCDGIRSTW]* .* \(.*\)$/  {"\1", (void *) \&\1},/p'\'''
lt_cv_sys_global_symbol_to_c_name_address_lib_prefix='sed -n -e '\''s/^: \(.*\) .*$/  {"\1", (void *) 0},/p'\'' -e '\''s/^[ABCDGIRSTW][ABCDGIRSTW]* .* \(lib.*\)$/  {"\1", (void *) \&\1},/p'\'' -e '\''s/^[ABCDGIRSTW][ABCDGIRSTW]* .* \(.*\)$/  {"lib\1", (void *) \&\1},/p'\'''
lt_cv_sys_global_symbol_to_cdecl='sed -n -e '\''s/^T .* \(.*\)$/extern int \1();/p'\'' -e '\''s/^[ABCDGIRSTW][ABCDGIRSTW]* .* \(.*\)$/extern char \1;/p'\'''
lt_cv_sys_global_symbol_to_import=
lt_cv_sys_max_cmd_len=1572864
lt_cv_to_host_file_cmd=func_convert_file_noop
lt_cv_to_tool_file_cmd=func_convert_file_noop
lt_cv_truncate_bin='/bin/dd bs=4096 count=1'

## ----------------- ##
## Output variables. ##
## ----------------- ##

ACLOCAL='${SHELL} /home/jbaiter/DEV/SOURCES/foss/iiif-image-api/iiif-image-backend-impl/src/main/native/libjpeg-turbo/missing aclocal-1.15'
AMDEPBACKSLASH='\'
AMDEP_FALSE='#'
AMDEP_TRUE=''
AMTAR='$${TAR-tar}'
AM_BACKSLASH='\'
AM_DEFAULT_V='$(AM_DEFAULT_VERBOSITY)'
AM_DEFAULT_VERBOSITY='0'
AM_V='$(V)'
AR='ar'
AUTOCONF='${SHELL} /home/jbaiter/DEV/SOURCES/foss/iiif-image-api/iiif-image-backend-impl/src/main/native/libjpeg-turbo/missing autoconf'
AUTOHEADER='${SHELL} /home/jbaiter/DEV/SOURCES/foss/iiif-image-api/iiif-image-backend-impl/src/main/native/libjpeg-turbo/missing autoheader'
AUTOMAKE='${SHELL} /home/jbaiter/DEV/SOURCES/foss/iiif-image-api/iiif-image-backend-impl/src/main/native/libjpeg-turbo/missing automake-1.15'
AWK='gawk'
BUILD='20160923'
CC='gcc'
CCAS='gcc'
CCASDEPMODE='depmode=gcc3'
CCASFLAGS='-O2 -pipe -march=native'
CCDEPMODE='depmode=gcc3'
CFLAGS='-O2 -pipe -march=native'
CPP='gcc -E'
CPPFLAGS='-Wall'
CROSS_COMPILING_FALSE=''
CROSS_COMPILING_TRUE='#'
CYGPATH_W='echo'
DEBARCH='amd64'
DEFS='-DHAVE_CONFIG_H'
DEPDIR='.deps'
DLLTOOL='false'
DSYMUTIL=''
DUMPBIN=''
ECHO_C=''
ECHO_N='-n'
ECHO_T=''
EGREP='/bin/grep -E'
EXEEXT=''
FGREP='/bin/grep -F'
GREP='/bin/grep'
INSTALL_DATA='${INSTALL} -m 644'
INSTALL_PROGRAM='${INSTALL}'
INSTALL_SCRIPT='${INSTALL}'
INSTALL_STRIP_PROGRAM='$(install_sh) -c -s'
JAR='jar'
JAVA='java'
JAVAC='javac'
JAVACFLAGS=''
JAVA_RPM_CONTENTS_1='%dir %{_datadir}/classes'
JAVA_RPM_CONTENTS_2='%{_datadir}/classes/turbojpeg.jar'
JNI_CFLAGS='-I/home/jbaiter/DEV/PROGRAMS/jdk/include -I/home/jbaiter/DEV/PROGRAMS/jdk/include/linux/'
JPEG_LIB_VERSION='62'
JPEG_LIB_VERSION_DECIMAL='6.2'
LD='/usr/bin/ld -m elf_x86_64'
LDFLAGS=''
LIBOBJS=''
LIBS=''
LIBTOOL='$(SHELL) $(top_builddir)/libtool'
LIBTOOL_CURRENT='64'
LIPO=''
LN_S='ln -s'
LTLIBOBJS=''
LT_SYS_LIBRARY_PATH=''
MAKEINFO='${SHELL} /home/jbaiter/DEV/SOURCES/foss/iiif-image-api/iiif-image-backend-impl/src/main/native/libjpeg-turbo/missing makeinfo'
MANIFEST_TOOL=':'
MEM_SRCDST_FUNCTIONS='global:  jpeg_mem_dest;  jpeg_mem_src;'
MKDIR_P='/bin/mkdir -p'
NAFLAGS='-felf64 -DELF -D__x86_64__'
NASM='yasm'
NM='/usr/bin/nm -B'
NMEDIT=''
OBJDUMP='objdump'
OBJEXT='o'
OTOOL64=''
OTOOL=''
PACKAGE='libjpeg-turbo'
PACKAGE_BUGREPORT=''
PACKAGE_NAME='libjpeg-turbo'
PACKAGE_STRING='libjpeg-turbo 1.5.1'
PACKAGE_TARNAME='libjpeg-turbo'
PACKAGE_URL=''
PACKAGE_VERSION='1.5.1'
PATH_SEPARATOR=':'
PKGNAME='libjpeg-turbo'
PKG_CONFIG='/usr/bin/pkg-config'
PKG_CONFIG_LIBDIR=''
PKG_CONFIG_PATH=''
RANLIB='ranlib'
RPMARCH='x86_64'
RPM_CONFIG_ARGS=' --with-java'
SED='/bin/sed'
SET_MAKE=''
SHELL='/bin/bash'
SIMD_ARM_64_FALSE=''
SIMD_ARM_64_TRUE='#'
SIMD_ARM_FALSE=''
SIMD_ARM_TRUE='#'
SIMD_I386_FALSE=''
SIMD_I386_TRUE='#'
SIMD_MIPS_FALSE=''
SIMD_MIPS_TRUE='#'
SIMD_POWERPC_FALSE=''
SIMD_POWERPC_TRUE='#'
SIMD_X86_64_FALSE='#'
SIMD_X86_64_TRUE=''
SO_AGE='2'
SO_MAJOR_VERSION='62'
SO_MINOR_VERSION='0'
STRIP='strip'
VERSION='1.5.1'
VERSION_SCRIPT_FALSE='#'
VERSION_SCRIPT_FLAG='-Wl,--version-script,'
VERSION_SCRIPT_TRUE=''
WITH_12BIT_FALSE=''
WITH_12BIT_TRUE='#'
WITH_ARITH_DEC_FALSE='#'
WITH_ARITH_DEC_TRUE=''
WITH_ARITH_ENC_FALSE='#'
WITH_ARITH_ENC_TRUE=''
WITH_ARITH_FALSE='#'
WITH_ARITH_TRUE=''
WITH_JAVA='1'
WITH_JAVA_FALSE='#'
WITH_JAVA_TRUE=''
WITH_SIMD_FALSE='#'
WITH_SIMD_TRUE=''
WITH_SSE_FLOAT_DCT_FALSE='#'
WITH_SSE_FLOAT_DCT_TRUE=''
WITH_TURBOJPEG_FALSE='#'
WITH_TURBOJPEG_TRUE=''
X86_64_FALSE='#'
X86_64_TRUE=''
ac_ct_AR='ar'
ac_ct_CC='gcc'
ac_ct_DUMPBIN=''
am__EXEEXT_FALSE=''
am__EXEEXT_TRUE='#'
am__fastdepCCAS_FALSE='#'
am__fastdepCCAS_TRUE=''
am__fastdepCC_FALSE='#'
am__fastdepCC_TRUE=''
am__include='include'
am__isrc=' -I$(srcdir)'
am__leading_dot='.'
am__nodep='_no'
am__quote=''
am__tar='$${TAR-tar} chof - "$$tardir"'
am__untar='$${TAR-tar} xf -'
bindir='${exec_prefix}/bin'
build='x86_64-pc-linux-gnu'
build_alias=''
build_cpu='x86_64'
build_os='linux-gnu'
build_vendor='pc'
datadir='${prefix}'
datarootdir='${prefix}'
docdir='${datadir}/doc'
dvidir='${docdir}'
exec_prefix='${prefix}'
host='x86_64-pc-linux-gnu'
host_alias=''
host_cpu='x86_64'
host_os='linux-gnu'
host_vendor='pc'
htmldir='${docdir}'
includedir='${prefix}/include'
infodir='${datarootdir}/info'
install_sh='${SHELL} /home/jbaiter/DEV/SOURCES/foss/iiif-image-api/iiif-image-backend-impl/src/main/native/libjpeg-turbo/install-sh'
libdir='${exec_prefix}/lib64'
libexecdir='${exec_prefix}/libexec'
localedir='${datarootdir}/locale'
localstatedir='${prefix}/var'
mandir='${datarootdir}/man'
mkdir_p='$(MKDIR_P)'
oldincludedir='/usr/include'
pdfdir='${docdir}'
prefix='/opt/libjpeg-turbo'
program_transform_name='s,x,x,'
psdir='${docdir}'
runstatedir='${localstatedir}/run'
sbindir='${exec_prefix}/sbin'
sharedstatedir='${prefix}/com'
sysconfdir='${prefix}/etc'
target_alias=''

## ----------- ##
## confdefs.h. ##
## ----------- ##

/* confdefs.h */
#define PACKAGE_NAME "libjpeg-turbo"
#define PACKAGE_TARNAME "libjpeg-turbo"
#define PACKAGE_VERSION "1.5.1"
#define PACKAGE_STRING "libjpeg-turbo 1.5.1"
#define PACKAGE_BUGREPORT ""
#define PACKAGE_URL ""
#define PACKAGE "libjpeg-turbo"
#define VERSION "1.5.1"
#define STDC_HEADERS 1
#define HAVE_SYS_TYPES_H 1
#define HAVE_SYS_STAT_H 1
#define HAVE_STDLIB_H 1
#define HAVE_STRING_H 1
#define HAVE_MEMORY_H 1
#define HAVE_STRINGS_H 1
#define HAVE_INTTYPES_H 1
#define HAVE_STDINT_H 1
#define HAVE_UNISTD_H 1
#define HAVE_DLFCN_H 1
#define LT_OBJDIR ".libs/"
#define SIZEOF_SIZE_T 8
#define STDC_HEADERS 1
#define HAVE_STDDEF_H 1
#define HAVE_STDLIB_H 1
#define HAVE_LOCALE_H 1
#define HAVE_STRING_H 1
#define NEED_SYS_TYPES_H 1
#define HAVE_UNSIGNED_CHAR 1
#define HAVE_UNSIGNED_SHORT 1
#define HAVE_MEMSET 1
#define HAVE_MEMCPY 1
#define JPEG_LIB_VERSION 62
#define MEM_SRCDST_SUPPORTED 1
#define LIBJPEG_TURBO_VERSION 1.5.1
#define LIBJPEG_TURBO_VERSION_NUMBER 1005001
#define INLINE inline __attribute__((always_inline))
#define C_ARITH_CODING_SUPPORTED 1
#define D_ARITH_CODING_SUPPORTED 1
#define HAVE_JNI_H 1
#define WITH_SIMD 1
#define BUILD "20160923"

configure: exit 0
